{"/home/clara/Documentos/misrepos/deliveryTDDpractise/js/service.js": {"path":"/home/clara/Documentos/misrepos/deliveryTDDpractise/js/service.js","statementMap":{"0":{"start":{"line":1,"column":17},"end":{"line":1,"column":70}},"1":{"start":{"line":2,"column":17},"end":{"line":2,"column":24}},"2":{"start":{"line":5,"column":4},"end":{"line":7,"column":28}},"3":{"start":{"line":6,"column":18},"end":{"line":6,"column":28}},"4":{"start":{"line":7,"column":18},"end":{"line":7,"column":26}}},"fnMap":{"0":{"name":"callApi","decl":{"start":{"line":4,"column":9},"end":{"line":4,"column":16}},"loc":{"start":{"line":4,"column":19},"end":{"line":8,"column":1}},"line":4},"1":{"name":"(anonymous_1)","decl":{"start":{"line":6,"column":11},"end":{"line":6,"column":12}},"loc":{"start":{"line":6,"column":18},"end":{"line":6,"column":28}},"line":6},"2":{"name":"(anonymous_2)","decl":{"start":{"line":7,"column":11},"end":{"line":7,"column":12}},"loc":{"start":{"line":7,"column":18},"end":{"line":7,"column":26}},"line":7}},"branchMap":{},"s":{"0":1,"1":1,"2":2,"3":1,"4":1},"f":{"0":2,"1":1,"2":1},"b":{},"_coverageSchema":"43e27e138ebf9cfc5966b082cf9a028302ed4184","hash":"828bc09bc45ab0b4876a8cd4f9644a729f7f696c"}
,"/home/clara/Documentos/misrepos/deliveryTDDpractise/test/fixtures/apiFoodFix.js": {"path":"/home/clara/Documentos/misrepos/deliveryTDDpractise/test/fixtures/apiFoodFix.js","statementMap":{"0":{"start":{"line":1,"column":19},"end":{"line":44,"column":1}}},"fnMap":{},"branchMap":{},"s":{"0":1},"f":{},"b":{},"_coverageSchema":"43e27e138ebf9cfc5966b082cf9a028302ed4184","hash":"260bad6b262a6ffbba113e4f8824e2f762e919a0"}
}
